<?xml version="1.0" encoding="UTF-8"?>
<!-- Generated by org.testng.reporters.JUnitReportReporter -->
<testsuite hostname="DESKTOP-PNP01G1" failures="0" tests="1" name="testCases.TC001_AccountRegistrationTest" time="2.481" errors="0" timestamp="2025-06-27T17:09:09 IST" skipped="0">
  <testcase classname="testCases.TC001_AccountRegistrationTest" name="verify_account_registration" time="2.481"/>
</testsuite> <!-- testCases.TC001_AccountRegistrationTest -->
